<?xml version="1.0" encoding="UTF-8"?>
<!-- Generated by org.testng.reporters.JUnitXMLReporter -->
<testsuite ignored="0" hostname="Cesars-iMac.lan1" failures="0" tests="6" name="Sprint 1" time="58.952" errors="0" timestamp="2020-01-15T11:38:11 PST">
  <testcase classname="com.class3.AlwaysRun_01" name="testMethod" time="0.005"/>
  <testcase classname="com.class3.AddEmployee_HW" name="addEmployee" time="3.524"/>
  <testcase classname="com.class3.AddEmployee_HW" name="addEmployee" time="3.562"/>
  <testcase classname="com.class3.AddEmployee_HW" name="addEmployee" time="3.884"/>
  <testcase classname="com.class3.AddEmployee_HW" name="addEmployee" time="4.948"/>
  <testcase classname="com.class3.AddEmployee_HW" name="addEmployee" time="3.471"/>
</testsuite> <!-- Sprint 1 -->
