<?xml version="1.0" encoding="UTF-8"?>
<!-- Generated by org.testng.reporters.JUnitXMLReporter -->
<testsuite ignored="6" hostname="Cesars-iMac.lan1" failures="1" tests="1" name="Smoke Test" time="0.367" errors="0" timestamp="2020-01-25T10:37:07 PST">
  <testcase classname="com.hrms.testbase.BaseClass" name="@BeforeMethod setUp" time="0.002">
    <failure type="java.lang.NullPointerException">
      <![CDATA[java.lang.NullPointerException
at com.hrms.utils.ConfigsReader.getProperty(ConfigsReader.java:28)
at com.hrms.testbase.BaseClass.setUp(BaseClass.java:53)
at java.base/java.util.ArrayList.forEach(ArrayList.java:1507)
... Removed 31 stack frames]]>
    </failure>
  </testcase> <!-- @BeforeMethod setUp -->
  <testcase classname="com.hrms.testcases.addEmpExlDataProvider" name="addMultipleEmployees" time="0.351">
    <failure type="java.lang.NullPointerException">
      <![CDATA[java.lang.NullPointerException
at com.hrms.testbase.Listener.onTestStart(Listener.java:13)
at java.base/java.util.ArrayList.forEach(ArrayList.java:1507)
... Removed 25 stack frames]]>
    </failure>
  </testcase> <!-- addMultipleEmployees -->
  <testcase classname="com.hrms.testcases.LoginPageTest" name="login" time="0.0">
    <ignored/>
  </testcase> <!-- login -->
  <testcase classname="com.hrms.testcases.AddEmployeePageTest" name="addEmployee" time="0.0">
    <ignored/>
  </testcase> <!-- addEmployee -->
  <testcase classname="com.hrms.testcases.HRMPropFileLoginTest" name="loginWithFileProp" time="0.0">
    <ignored/>
  </testcase> <!-- loginWithFileProp -->
  <testcase classname="com.hrms.testcases.LeaveListPageTest" name="leaveLabelValidation" time="0.0">
    <ignored/>
  </testcase> <!-- leaveLabelValidation -->
  <testcase classname="com.hrms.testcases.FIleRead2DArray" name="myFile" time="0.0">
    <ignored/>
  </testcase> <!-- myFile -->
  <testcase classname="com.hrms.testcases.MultipleLoginTest" name="multipleLogin" time="0.0">
    <ignored/>
  </testcase> <!-- multipleLogin -->
</testsuite> <!-- Smoke Test -->
